<?xml version="1.0" encoding="UTF-8"?>
<!-- Generated by org.testng.reporters.JUnitReportReporter -->
<testsuite hostname="Vineeth" failures="0" tests="1" name="com.appium4.launch.AppiumLaunchTest" time="25.587" errors="0" timestamp="2022-07-05T13:07:56 IST" skipped="0">
  <testcase classname="com.appium4.launch.AppiumLaunchTest" name="launch" time="25.587"/>
  <system-out/>
</testsuite> <!-- com.appium4.launch.AppiumLaunchTest -->
